#! /usr/local/bin/vvp
:ivl_version "12.0 (stable)";
:ivl_delay_selection "TYPICAL";
:vpi_time_precision - 12;
:vpi_module "/usr/local/lib/ivl/system.vpi";
:vpi_module "/usr/local/lib/ivl/vhdl_sys.vpi";
:vpi_module "/usr/local/lib/ivl/vhdl_textio.vpi";
:vpi_module "/usr/local/lib/ivl/v2005_math.vpi";
:vpi_module "/usr/local/lib/ivl/va_math.vpi";
:vpi_module "/usr/local/lib/ivl/v2009.vpi";
S_0x10d93b0 .scope package, "$unit" "$unit" 2 1;
 .timescale 0 0;
S_0x10d9540 .scope module, "tb_apb_memory" "tb_apb_memory" 3 3;
 .timescale -9 -12;
v0x10f49a0_0 .var "fetch", 0 0;
v0x10f4a60_0 .var "load", 0 0;
v0x10f4b30_0 .var "paddr", 7 0;
v0x10f4c30_0 .var "pclk", 0 0;
v0x10f4d00_0 .var "penable", 0 0;
v0x10f4da0_0 .net "prdata", 7 0, v0x10f41a0_0;  1 drivers
v0x10f4e70_0 .net "pready", 0 0, v0x10f4280_0;  1 drivers
v0x10f4f40_0 .var "prst", 0 0;
v0x10f5010_0 .var "psel", 0 0;
v0x10f5170_0 .net "pslverr", 0 0, v0x10f4550_0;  1 drivers
v0x10f5240_0 .var "pwdata", 7 0;
v0x10f5310_0 .var "pwrite", 0 0;
S_0x10ae580 .scope module, "dut" "apb_memory" 3 14, 4 4 0, S_0x10d9540;
 .timescale 0 0;
    .port_info 0 /INPUT 1 "pclk";
    .port_info 1 /INPUT 1 "prst";
    .port_info 2 /INPUT 8 "paddr";
    .port_info 3 /INPUT 1 "pwrite";
    .port_info 4 /INPUT 8 "pwdata";
    .port_info 5 /INPUT 1 "psel";
    .port_info 6 /INPUT 1 "penable";
    .port_info 7 /INPUT 1 "load";
    .port_info 8 /INPUT 1 "fetch";
    .port_info 9 /OUTPUT 8 "prdata";
    .port_info 10 /OUTPUT 1 "pready";
    .port_info 11 /OUTPUT 1 "pslverr";
v0x10d4030_0 .net "fetch", 0 0, v0x10f49a0_0;  1 drivers
v0x10f3c80_0 .var/i "i", 31 0;
v0x10f3d60_0 .net "load", 0 0, v0x10f4a60_0;  1 drivers
v0x10f3e30 .array "mem", 127 0, 7 0;
v0x10f3ef0_0 .net "paddr", 7 0, v0x10f4b30_0;  1 drivers
v0x10f4020_0 .net "pclk", 0 0, v0x10f4c30_0;  1 drivers
v0x10f40e0_0 .net "penable", 0 0, v0x10f4d00_0;  1 drivers
v0x10f41a0_0 .var "prdata", 7 0;
v0x10f4280_0 .var "pready", 0 0;
v0x10f43d0_0 .net "prst", 0 0, v0x10f4f40_0;  1 drivers
v0x10f4490_0 .net "psel", 0 0, v0x10f5010_0;  1 drivers
v0x10f4550_0 .var "pslverr", 0 0;
v0x10f4610_0 .net "pwdata", 7 0, v0x10f5240_0;  1 drivers
v0x10f46f0_0 .net "pwrite", 0 0, v0x10f5310_0;  1 drivers
E_0x10ae900 .event posedge, v0x10f43d0_0, v0x10f4020_0;
    .scope S_0x10ae580;
T_0 ;
    %wait E_0x10ae900;
    %load/vec4 v0x10f43d0_0;
    %flag_set/vec4 8;
    %jmp/0xz  T_0.0, 8;
    %pushi/vec4 0, 0, 32;
    %store/vec4 v0x10f3c80_0, 0, 32;
T_0.2 ;
    %load/vec4 v0x10f3c80_0;
    %cmpi/s 128, 0, 32;
    %jmp/0xz T_0.3, 5;
    %pushi/vec4 0, 0, 8;
    %ix/getv/s 3, v0x10f3c80_0;
    %ix/load 4, 0, 0; Constant delay
    %assign/vec4/a/d v0x10f3e30, 0, 4;
    %load/vec4 v0x10f3c80_0;
    %addi 1, 0, 32;
    %store/vec4 v0x10f3c80_0, 0, 32;
    %jmp T_0.2;
T_0.3 ;
    %pushi/vec4 0, 0, 1;
    %assign/vec4 v0x10f4280_0, 0;
    %pushi/vec4 0, 0, 1;
    %assign/vec4 v0x10f4550_0, 0;
    %pushi/vec4 0, 0, 8;
    %assign/vec4 v0x10f41a0_0, 0;
    %jmp T_0.1;
T_0.0 ;
    %load/vec4 v0x10f3d60_0;
    %flag_set/vec4 8;
    %jmp/0xz  T_0.4, 8;
    %vpi_call/w 4 38 "$readmemh", "image_i.hex", v0x10f3e30 {0 0 0};
    %vpi_call/w 4 39 "$display", "Memory initialized from image_i.hex" {0 0 0};
T_0.4 ;
    %load/vec4 v0x10d4030_0;
    %flag_set/vec4 8;
    %jmp/0xz  T_0.6, 8;
    %vpi_call/w 4 43 "$writememh", "image_o.hex", v0x10f3e30 {0 0 0};
    %vpi_call/w 4 44 "$display", "Memory dumped to image_o.hex" {0 0 0};
T_0.6 ;
    %load/vec4 v0x10f40e0_0;
    %nor/r;
    %flag_set/vec4 8;
    %jmp/0xz  T_0.8, 8;
    %pushi/vec4 0, 0, 1;
    %assign/vec4 v0x10f4280_0, 0;
    %jmp T_0.9;
T_0.8 ;
    %pushi/vec4 1, 0, 1;
    %assign/vec4 v0x10f4280_0, 0;
    %load/vec4 v0x10f4490_0;
    %flag_set/vec4 8;
    %jmp/0xz  T_0.10, 8;
    %load/vec4 v0x10f3ef0_0;
    %pad/u 32;
    %cmpi/u 128, 0, 32;
    %jmp/0xz  T_0.12, 5;
    %pushi/vec4 0, 0, 1;
    %assign/vec4 v0x10f4550_0, 0;
    %load/vec4 v0x10f46f0_0;
    %flag_set/vec4 8;
    %jmp/0xz  T_0.14, 8;
    %load/vec4 v0x10f4610_0;
    %load/vec4 v0x10f3ef0_0;
    %pad/u 9;
    %ix/vec4 3;
    %ix/load 4, 0, 0; Constant delay
    %assign/vec4/a/d v0x10f3e30, 0, 4;
    %vpi_call/w 4 58 "$display", "WRITE: Addr=%0d Data=%0h", v0x10f3ef0_0, v0x10f4610_0 {0 0 0};
    %jmp T_0.15;
T_0.14 ;
    %load/vec4 v0x10f3ef0_0;
    %pad/u 9;
    %ix/vec4 4;
    %load/vec4a v0x10f3e30, 4;
    %assign/vec4 v0x10f41a0_0, 0;
    %load/vec4 v0x10f3ef0_0;
    %pad/u 9;
    %ix/vec4 4;
    %load/vec4a v0x10f3e30, 4;
    %vpi_call/w 4 61 "$display", "READ : Addr=%0d Data=%0h", v0x10f3ef0_0, S<0,vec4,u8> {1 0 0};
T_0.15 ;
    %jmp T_0.13;
T_0.12 ;
    %pushi/vec4 1, 0, 1;
    %assign/vec4 v0x10f4550_0, 0;
T_0.13 ;
T_0.10 ;
T_0.9 ;
T_0.1 ;
    %jmp T_0;
    .thread T_0;
    .scope S_0x10d9540;
T_1 ;
    %delay 5000, 0;
    %load/vec4 v0x10f4c30_0;
    %inv;
    %store/vec4 v0x10f4c30_0, 0, 1;
    %jmp T_1;
    .thread T_1;
    .scope S_0x10d9540;
T_2 ;
    %vpi_call/w 3 27 "$dumpfile", "apb_memory.vcd" {0 0 0};
    %vpi_call/w 3 28 "$dumpvars", 32'sb00000000000000000000000000000000, S_0x10d9540 {0 0 0};
    %pushi/vec4 0, 0, 1;
    %store/vec4 v0x10f4c30_0, 0, 1;
    %pushi/vec4 1, 0, 1;
    %store/vec4 v0x10f4f40_0, 0, 1;
    %pushi/vec4 0, 0, 1;
    %store/vec4 v0x10f4a60_0, 0, 1;
    %pushi/vec4 0, 0, 1;
    %store/vec4 v0x10f49a0_0, 0, 1;
    %pushi/vec4 0, 0, 1;
    %store/vec4 v0x10f5010_0, 0, 1;
    %pushi/vec4 0, 0, 1;
    %store/vec4 v0x10f4d00_0, 0, 1;
    %pushi/vec4 0, 0, 1;
    %store/vec4 v0x10f5310_0, 0, 1;
    %pushi/vec4 0, 0, 8;
    %store/vec4 v0x10f4b30_0, 0, 8;
    %pushi/vec4 0, 0, 8;
    %store/vec4 v0x10f5240_0, 0, 8;
    %delay 10000, 0;
    %pushi/vec4 0, 0, 1;
    %store/vec4 v0x10f4f40_0, 0, 1;
    %pushi/vec4 1, 0, 1;
    %store/vec4 v0x10f4a60_0, 0, 1;
    %delay 10000, 0;
    %pushi/vec4 0, 0, 1;
    %store/vec4 v0x10f4a60_0, 0, 1;
    %pushi/vec4 1, 0, 1;
    %store/vec4 v0x10f5010_0, 0, 1;
    %pushi/vec4 1, 0, 1;
    %store/vec4 v0x10f4d00_0, 0, 1;
    %pushi/vec4 1, 0, 1;
    %store/vec4 v0x10f5310_0, 0, 1;
    %pushi/vec4 5, 0, 8;
    %store/vec4 v0x10f4b30_0, 0, 8;
    %pushi/vec4 165, 0, 8;
    %store/vec4 v0x10f5240_0, 0, 8;
    %delay 10000, 0;
    %pushi/vec4 0, 0, 1;
    %store/vec4 v0x10f5310_0, 0, 1;
    %pushi/vec4 5, 0, 8;
    %store/vec4 v0x10f4b30_0, 0, 8;
    %delay 10000, 0;
    %pushi/vec4 1, 0, 1;
    %store/vec4 v0x10f49a0_0, 0, 1;
    %delay 10000, 0;
    %pushi/vec4 0, 0, 1;
    %store/vec4 v0x10f49a0_0, 0, 1;
    %delay 50000, 0;
    %vpi_call/w 3 55 "$finish" {0 0 0};
    %end;
    .thread T_2;
# The file index is used to find the file name in the following table.
:file_names 5;
    "N/A";
    "<interactive>";
    "-";
    "testbench.sv";
    "design.sv";
